15:54:06.526 [main] INFO  - Goto my account-->Click on Login.. 
15:54:07.282 [main] INFO  - Entering email and password.. 
15:54:07.761 [main] INFO  - clicked on login button...
16:03:43.222 [main] INFO  - Goto my account-->Click on Login.. 
16:03:43.948 [main] INFO  - Entering email and password.. 
16:03:44.673 [main] INFO  - clicked on login button...
09:58:48.443 [main] INFO  - Goto my account-->Click on Login.. 
09:58:49.156 [main] INFO  - Entering email and password.. 
09:58:49.922 [main] INFO  - clicked on login button...
21:42:50.760 [main] INFO  - Goto my account-->Click on Login.. 
21:44:51.429 [main] INFO  - Goto my account-->Click on Login.. 
21:44:52.456 [main] INFO  - Entering email and password.. 
21:44:52.828 [main] INFO  - clicked on login button...
21:56:07.606 [main] INFO  - Goto my account-->Click on Login.. 
21:56:08.116 [main] INFO  - Entering email and password.. 
21:56:08.438 [main] INFO  - clicked on login button...
22:21:58.793 [main] INFO  - Goto my account-->Click on Login.. 
22:21:59.276 [main] INFO  - Entering email and password.. 
18:39:25.332 [main] DEBUG - Parsing relationship: /xl/_rels/workbook.xml.rels
18:39:25.339 [main] DEBUG - Parsing relationship: /_rels/.rels
18:39:25.687 [main] TRACE - Loading type system org.apache.poi.schemas.ooxml.system.ooxml
18:39:25.690 [main] TRACE - Loading type system org.apache.xmlbeans.metadata.system.sXMLCONFIG
18:39:25.691 [main] TRACE - Loading type system org.apache.xmlbeans.metadata.system.sXMLLANG
18:39:25.691 [main] TRACE - Loading type system org.apache.xmlbeans.metadata.system.sXMLSCHEMA
18:39:25.692 [main] TRACE - Loading type system org.apache.xmlbeans.metadata.system.sXMLTOOLS
18:39:25.704 [main] TRACE - Reading unresolved handles for type system org.apache.xmlbeans.metadata.system.sXMLTOOLS
18:39:25.723 [main] TRACE - Finished loading type system org.apache.xmlbeans.metadata.system.sXMLTOOLS
18:39:25.724 [main] TRACE - Reading unresolved handles for type system org.apache.xmlbeans.metadata.system.sXMLSCHEMA
18:39:25.731 [main] TRACE - Finished loading type system org.apache.xmlbeans.metadata.system.sXMLSCHEMA
18:39:25.732 [main] TRACE - Reading unresolved handles for type system org.apache.xmlbeans.metadata.system.sXMLLANG
18:39:25.738 [main] TRACE - Finished loading type system org.apache.xmlbeans.metadata.system.sXMLLANG
18:39:25.740 [main] TRACE - Reading unresolved handles for type system org.apache.xmlbeans.metadata.system.sXMLCONFIG
18:39:25.741 [main] TRACE - Finished loading type system org.apache.xmlbeans.metadata.system.sXMLCONFIG
18:39:25.743 [main] TRACE - Reading unresolved handles for type system org.apache.poi.schemas.ooxml.system.ooxml
18:39:25.852 [main] TRACE - Finished loading type system org.apache.poi.schemas.ooxml.system.ooxml
18:39:25.906 [main] TRACE - Resolving type for handle themefd26doctype
18:39:26.202 [main] TRACE - Resolving type for handle stylesheet5d8bdoctype
18:39:26.208 [main] TRACE - Resolving type for handle ctstylesheet4257type
18:39:26.218 [main] TRACE - Resolving type for handle ctfonts6623type
18:39:26.223 [main] TRACE - Resolving type for handle ctfont14d8type
18:39:26.230 [main] TRACE - Resolving type for handle ctfills2c6ftype
18:39:26.233 [main] TRACE - Resolving type for handle ctfill550ctype
18:39:26.237 [main] TRACE - Resolving type for handle ctborders0d66type
18:39:26.243 [main] TRACE - Resolving type for handle ctborderf935type
18:39:26.248 [main] TRACE - Resolving type for handle ctcellxfs1322type
18:39:26.253 [main] TRACE - Resolving type for handle ctxf97f7type
18:39:26.257 [main] TRACE - Resolving type for handle ctcellstylexfsa81ftype
18:39:26.260 [main] TRACE - Resolving type for handle ctdxfsb26atype
18:39:26.264 [main] TRACE - Resolving type for handle cttablestyles872ftype
18:39:26.270 [main] TRACE - Resolving type for handle sstf81fdoctype
18:39:26.277 [main] TRACE - Resolving type for handle ctsst44f3type
18:39:26.308 [main] TRACE - Resolving type for handle ctrsta472type
18:39:26.337 [main] TRACE - Resolving type for handle workbookec17doctype
18:39:26.344 [main] TRACE - Resolving type for handle ctworkbook83c3type
18:39:26.352 [main] TRACE - Resolving type for handle ctsheets49fdtype
18:39:26.356 [main] TRACE - Resolving type for handle ctsheet4dbetype
18:39:26.359 [main] TRACE - Resolving type for handle strelationshipid1e94type
18:39:26.364 [main] TRACE - Resolving type for handle worksheetf539doctype
18:39:26.398 [main] TRACE - Resolving type for handle ctworksheet530dtype
18:39:26.491 [main] TRACE - Resolving type for handle ctsheetdata8408type
18:39:26.706 [main] TRACE - Resolving type for handle ctrowdd39type
18:39:26.723 [main] TRACE - Resolving type for handle ctcell842btype
18:39:26.776 [main] TRACE - Resolving type for handle stcellrefe4e0type
18:39:26.820 [main] TRACE - Resolving type for handle ctcols627ctype
18:39:26.839 [main] TRACE - Resolving type for handle ctcola95ftype
18:39:26.908 [main] TRACE - Resolving type for handle stxstringf179type
18:39:26.914 [main] TRACE - Resolving type for handle stcelltypebf95type
18:40:51.700 [main] DEBUG - Parsing relationship: /xl/_rels/workbook.xml.rels
18:40:51.709 [main] DEBUG - Parsing relationship: /_rels/.rels
18:40:51.914 [main] TRACE - Loading type system org.apache.poi.schemas.ooxml.system.ooxml
18:40:51.917 [main] TRACE - Loading type system org.apache.xmlbeans.metadata.system.sXMLCONFIG
18:40:51.918 [main] TRACE - Loading type system org.apache.xmlbeans.metadata.system.sXMLLANG
18:40:51.919 [main] TRACE - Loading type system org.apache.xmlbeans.metadata.system.sXMLSCHEMA
18:40:51.920 [main] TRACE - Loading type system org.apache.xmlbeans.metadata.system.sXMLTOOLS
18:40:51.922 [main] TRACE - Reading unresolved handles for type system org.apache.xmlbeans.metadata.system.sXMLTOOLS
18:40:51.938 [main] TRACE - Finished loading type system org.apache.xmlbeans.metadata.system.sXMLTOOLS
18:40:51.940 [main] TRACE - Reading unresolved handles for type system org.apache.xmlbeans.metadata.system.sXMLSCHEMA
18:40:51.947 [main] TRACE - Finished loading type system org.apache.xmlbeans.metadata.system.sXMLSCHEMA
18:40:51.949 [main] TRACE - Reading unresolved handles for type system org.apache.xmlbeans.metadata.system.sXMLLANG
18:40:51.950 [main] TRACE - Finished loading type system org.apache.xmlbeans.metadata.system.sXMLLANG
18:40:51.951 [main] TRACE - Reading unresolved handles for type system org.apache.xmlbeans.metadata.system.sXMLCONFIG
18:40:51.953 [main] TRACE - Finished loading type system org.apache.xmlbeans.metadata.system.sXMLCONFIG
18:40:51.958 [main] TRACE - Reading unresolved handles for type system org.apache.poi.schemas.ooxml.system.ooxml
18:40:52.038 [main] TRACE - Finished loading type system org.apache.poi.schemas.ooxml.system.ooxml
18:40:52.039 [main] TRACE - Resolving type for handle themefd26doctype
18:40:52.115 [main] TRACE - Resolving type for handle stylesheet5d8bdoctype
18:40:52.122 [main] TRACE - Resolving type for handle ctstylesheet4257type
18:40:52.127 [main] TRACE - Resolving type for handle ctfonts6623type
18:40:52.130 [main] TRACE - Resolving type for handle ctfont14d8type
18:40:52.137 [main] TRACE - Resolving type for handle ctfills2c6ftype
18:40:52.139 [main] TRACE - Resolving type for handle ctfill550ctype
18:40:52.142 [main] TRACE - Resolving type for handle ctborders0d66type
18:40:52.145 [main] TRACE - Resolving type for handle ctborderf935type
18:40:52.149 [main] TRACE - Resolving type for handle ctcellxfs1322type
18:40:52.153 [main] TRACE - Resolving type for handle ctxf97f7type
18:40:52.156 [main] TRACE - Resolving type for handle ctcellstylexfsa81ftype
18:40:52.158 [main] TRACE - Resolving type for handle ctdxfsb26atype
18:40:52.161 [main] TRACE - Resolving type for handle cttablestyles872ftype
18:40:52.165 [main] TRACE - Resolving type for handle sstf81fdoctype
18:40:52.171 [main] TRACE - Resolving type for handle ctsst44f3type
18:40:52.182 [main] TRACE - Resolving type for handle ctrsta472type
18:40:52.229 [main] TRACE - Resolving type for handle workbookec17doctype
18:40:52.251 [main] TRACE - Resolving type for handle ctworkbook83c3type
18:40:52.258 [main] TRACE - Resolving type for handle ctsheets49fdtype
18:40:52.261 [main] TRACE - Resolving type for handle ctsheet4dbetype
18:40:52.271 [main] TRACE - Resolving type for handle strelationshipid1e94type
18:40:52.276 [main] TRACE - Resolving type for handle worksheetf539doctype
18:40:52.287 [main] TRACE - Resolving type for handle ctworksheet530dtype
18:40:52.296 [main] TRACE - Resolving type for handle ctsheetdata8408type
18:40:52.299 [main] TRACE - Resolving type for handle ctrowdd39type
18:40:52.308 [main] TRACE - Resolving type for handle ctcell842btype
18:40:52.322 [main] TRACE - Resolving type for handle stcellrefe4e0type
18:40:52.339 [main] TRACE - Resolving type for handle ctcols627ctype
18:40:52.346 [main] TRACE - Resolving type for handle ctcola95ftype
18:40:52.380 [main] TRACE - Resolving type for handle stxstringf179type
18:40:52.384 [main] TRACE - Resolving type for handle stcelltypebf95type
18:45:05.001 [main] DEBUG - Parsing relationship: /xl/_rels/workbook.xml.rels
18:45:05.010 [main] DEBUG - Parsing relationship: /_rels/.rels
18:45:05.207 [main] TRACE - Loading type system org.apache.poi.schemas.ooxml.system.ooxml
18:45:05.210 [main] TRACE - Loading type system org.apache.xmlbeans.metadata.system.sXMLCONFIG
18:45:05.210 [main] TRACE - Loading type system org.apache.xmlbeans.metadata.system.sXMLLANG
18:45:05.211 [main] TRACE - Loading type system org.apache.xmlbeans.metadata.system.sXMLSCHEMA
18:45:05.211 [main] TRACE - Loading type system org.apache.xmlbeans.metadata.system.sXMLTOOLS
18:45:05.213 [main] TRACE - Reading unresolved handles for type system org.apache.xmlbeans.metadata.system.sXMLTOOLS
18:45:05.228 [main] TRACE - Finished loading type system org.apache.xmlbeans.metadata.system.sXMLTOOLS
18:45:05.229 [main] TRACE - Reading unresolved handles for type system org.apache.xmlbeans.metadata.system.sXMLSCHEMA
18:45:05.236 [main] TRACE - Finished loading type system org.apache.xmlbeans.metadata.system.sXMLSCHEMA
18:45:05.237 [main] TRACE - Reading unresolved handles for type system org.apache.xmlbeans.metadata.system.sXMLLANG
18:45:05.239 [main] TRACE - Finished loading type system org.apache.xmlbeans.metadata.system.sXMLLANG
18:45:05.240 [main] TRACE - Reading unresolved handles for type system org.apache.xmlbeans.metadata.system.sXMLCONFIG
18:45:05.241 [main] TRACE - Finished loading type system org.apache.xmlbeans.metadata.system.sXMLCONFIG
18:45:05.243 [main] TRACE - Reading unresolved handles for type system org.apache.poi.schemas.ooxml.system.ooxml
18:45:05.319 [main] TRACE - Finished loading type system org.apache.poi.schemas.ooxml.system.ooxml
18:45:05.320 [main] TRACE - Resolving type for handle themefd26doctype
18:45:05.384 [main] TRACE - Resolving type for handle stylesheet5d8bdoctype
18:45:05.392 [main] TRACE - Resolving type for handle ctstylesheet4257type
18:45:05.399 [main] TRACE - Resolving type for handle ctfonts6623type
18:45:05.403 [main] TRACE - Resolving type for handle ctfont14d8type
18:45:05.411 [main] TRACE - Resolving type for handle ctfills2c6ftype
18:45:05.414 [main] TRACE - Resolving type for handle ctfill550ctype
18:45:05.417 [main] TRACE - Resolving type for handle ctborders0d66type
18:45:05.420 [main] TRACE - Resolving type for handle ctborderf935type
18:45:05.424 [main] TRACE - Resolving type for handle ctcellxfs1322type
18:45:05.428 [main] TRACE - Resolving type for handle ctxf97f7type
18:45:05.432 [main] TRACE - Resolving type for handle ctcellstylexfsa81ftype
18:45:05.434 [main] TRACE - Resolving type for handle ctdxfsb26atype
18:45:05.438 [main] TRACE - Resolving type for handle cttablestyles872ftype
18:45:05.442 [main] TRACE - Resolving type for handle sstf81fdoctype
18:45:05.448 [main] TRACE - Resolving type for handle ctsst44f3type
18:45:05.461 [main] TRACE - Resolving type for handle ctrsta472type
18:45:05.490 [main] TRACE - Resolving type for handle workbookec17doctype
18:45:05.496 [main] TRACE - Resolving type for handle ctworkbook83c3type
18:45:05.502 [main] TRACE - Resolving type for handle ctsheets49fdtype
18:45:05.506 [main] TRACE - Resolving type for handle ctsheet4dbetype
18:45:05.508 [main] TRACE - Resolving type for handle strelationshipid1e94type
18:45:05.511 [main] TRACE - Resolving type for handle worksheetf539doctype
18:45:05.521 [main] TRACE - Resolving type for handle ctworksheet530dtype
18:45:05.529 [main] TRACE - Resolving type for handle ctsheetdata8408type
18:45:05.532 [main] TRACE - Resolving type for handle ctrowdd39type
18:45:05.540 [main] TRACE - Resolving type for handle ctcell842btype
18:45:05.547 [main] TRACE - Resolving type for handle stcellrefe4e0type
18:45:05.561 [main] TRACE - Resolving type for handle ctcols627ctype
18:45:05.567 [main] TRACE - Resolving type for handle ctcola95ftype
18:45:05.598 [main] TRACE - Resolving type for handle stxstringf179type
18:45:05.601 [main] TRACE - Resolving type for handle stcelltypebf95type
18:46:44.708 [main] DEBUG - Parsing relationship: /xl/_rels/workbook.xml.rels
18:46:44.716 [main] DEBUG - Parsing relationship: /_rels/.rels
18:46:44.938 [main] TRACE - Loading type system org.apache.poi.schemas.ooxml.system.ooxml
18:46:44.940 [main] TRACE - Loading type system org.apache.xmlbeans.metadata.system.sXMLCONFIG
18:46:44.941 [main] TRACE - Loading type system org.apache.xmlbeans.metadata.system.sXMLLANG
18:46:44.942 [main] TRACE - Loading type system org.apache.xmlbeans.metadata.system.sXMLSCHEMA
18:46:44.942 [main] TRACE - Loading type system org.apache.xmlbeans.metadata.system.sXMLTOOLS
18:46:44.944 [main] TRACE - Reading unresolved handles for type system org.apache.xmlbeans.metadata.system.sXMLTOOLS
18:46:44.958 [main] TRACE - Finished loading type system org.apache.xmlbeans.metadata.system.sXMLTOOLS
18:46:44.959 [main] TRACE - Reading unresolved handles for type system org.apache.xmlbeans.metadata.system.sXMLSCHEMA
18:46:44.966 [main] TRACE - Finished loading type system org.apache.xmlbeans.metadata.system.sXMLSCHEMA
18:46:44.968 [main] TRACE - Reading unresolved handles for type system org.apache.xmlbeans.metadata.system.sXMLLANG
18:46:44.969 [main] TRACE - Finished loading type system org.apache.xmlbeans.metadata.system.sXMLLANG
18:46:44.971 [main] TRACE - Reading unresolved handles for type system org.apache.xmlbeans.metadata.system.sXMLCONFIG
18:46:44.972 [main] TRACE - Finished loading type system org.apache.xmlbeans.metadata.system.sXMLCONFIG
18:46:44.973 [main] TRACE - Reading unresolved handles for type system org.apache.poi.schemas.ooxml.system.ooxml
18:46:45.048 [main] TRACE - Finished loading type system org.apache.poi.schemas.ooxml.system.ooxml
18:46:45.048 [main] TRACE - Resolving type for handle themefd26doctype
18:46:45.123 [main] TRACE - Resolving type for handle stylesheet5d8bdoctype
18:46:45.131 [main] TRACE - Resolving type for handle ctstylesheet4257type
18:46:45.135 [main] TRACE - Resolving type for handle ctfonts6623type
18:46:45.139 [main] TRACE - Resolving type for handle ctfont14d8type
18:46:45.151 [main] TRACE - Resolving type for handle ctfills2c6ftype
18:46:45.153 [main] TRACE - Resolving type for handle ctfill550ctype
18:46:45.155 [main] TRACE - Resolving type for handle ctborders0d66type
18:46:45.157 [main] TRACE - Resolving type for handle ctborderf935type
18:46:45.160 [main] TRACE - Resolving type for handle ctcellxfs1322type
18:46:45.163 [main] TRACE - Resolving type for handle ctxf97f7type
18:46:45.166 [main] TRACE - Resolving type for handle ctcellstylexfsa81ftype
18:46:45.169 [main] TRACE - Resolving type for handle ctdxfsb26atype
18:46:45.172 [main] TRACE - Resolving type for handle cttablestyles872ftype
18:46:45.177 [main] TRACE - Resolving type for handle sstf81fdoctype
18:46:45.183 [main] TRACE - Resolving type for handle ctsst44f3type
18:46:45.193 [main] TRACE - Resolving type for handle ctrsta472type
18:46:45.222 [main] TRACE - Resolving type for handle workbookec17doctype
18:46:45.228 [main] TRACE - Resolving type for handle ctworkbook83c3type
18:46:45.235 [main] TRACE - Resolving type for handle ctsheets49fdtype
18:46:45.238 [main] TRACE - Resolving type for handle ctsheet4dbetype
18:46:45.241 [main] TRACE - Resolving type for handle strelationshipid1e94type
18:46:45.245 [main] TRACE - Resolving type for handle worksheetf539doctype
18:46:45.255 [main] TRACE - Resolving type for handle ctworksheet530dtype
18:46:45.263 [main] TRACE - Resolving type for handle ctsheetdata8408type
18:46:45.266 [main] TRACE - Resolving type for handle ctrowdd39type
18:46:45.273 [main] TRACE - Resolving type for handle ctcell842btype
18:46:45.282 [main] TRACE - Resolving type for handle stcellrefe4e0type
18:46:45.296 [main] TRACE - Resolving type for handle ctcols627ctype
18:46:45.301 [main] TRACE - Resolving type for handle ctcola95ftype
18:46:45.327 [main] TRACE - Resolving type for handle stxstringf179type
18:46:45.330 [main] TRACE - Resolving type for handle stcelltypebf95type
19:51:13.270 [main] DEBUG - Parsing relationship: /xl/_rels/workbook.xml.rels
19:51:13.278 [main] DEBUG - Parsing relationship: /_rels/.rels
19:51:13.506 [main] TRACE - Loading type system org.apache.poi.schemas.ooxml.system.ooxml
19:51:13.510 [main] TRACE - Loading type system org.apache.xmlbeans.metadata.system.sXMLCONFIG
19:51:13.511 [main] TRACE - Loading type system org.apache.xmlbeans.metadata.system.sXMLLANG
19:51:13.512 [main] TRACE - Loading type system org.apache.xmlbeans.metadata.system.sXMLSCHEMA
19:51:13.513 [main] TRACE - Loading type system org.apache.xmlbeans.metadata.system.sXMLTOOLS
19:51:13.514 [main] TRACE - Reading unresolved handles for type system org.apache.xmlbeans.metadata.system.sXMLTOOLS
19:51:13.529 [main] TRACE - Finished loading type system org.apache.xmlbeans.metadata.system.sXMLTOOLS
19:51:13.531 [main] TRACE - Reading unresolved handles for type system org.apache.xmlbeans.metadata.system.sXMLSCHEMA
19:51:13.538 [main] TRACE - Finished loading type system org.apache.xmlbeans.metadata.system.sXMLSCHEMA
19:51:13.539 [main] TRACE - Reading unresolved handles for type system org.apache.xmlbeans.metadata.system.sXMLLANG
19:51:13.540 [main] TRACE - Finished loading type system org.apache.xmlbeans.metadata.system.sXMLLANG
19:51:13.541 [main] TRACE - Reading unresolved handles for type system org.apache.xmlbeans.metadata.system.sXMLCONFIG
19:51:13.543 [main] TRACE - Finished loading type system org.apache.xmlbeans.metadata.system.sXMLCONFIG
19:51:13.544 [main] TRACE - Reading unresolved handles for type system org.apache.poi.schemas.ooxml.system.ooxml
19:51:13.639 [main] TRACE - Finished loading type system org.apache.poi.schemas.ooxml.system.ooxml
19:51:13.640 [main] TRACE - Resolving type for handle themefd26doctype
19:51:13.717 [main] TRACE - Resolving type for handle stylesheet5d8bdoctype
19:51:13.728 [main] TRACE - Resolving type for handle ctstylesheet4257type
19:51:13.734 [main] TRACE - Resolving type for handle ctfonts6623type
19:51:13.738 [main] TRACE - Resolving type for handle ctfont14d8type
19:51:13.744 [main] TRACE - Resolving type for handle ctfills2c6ftype
19:51:13.747 [main] TRACE - Resolving type for handle ctfill550ctype
19:51:13.749 [main] TRACE - Resolving type for handle ctborders0d66type
19:51:13.752 [main] TRACE - Resolving type for handle ctborderf935type
19:51:13.757 [main] TRACE - Resolving type for handle ctcellxfs1322type
19:51:13.760 [main] TRACE - Resolving type for handle ctxf97f7type
19:51:13.764 [main] TRACE - Resolving type for handle ctcellstylexfsa81ftype
19:51:13.767 [main] TRACE - Resolving type for handle ctdxfsb26atype
19:51:13.769 [main] TRACE - Resolving type for handle cttablestyles872ftype
19:51:13.773 [main] TRACE - Resolving type for handle sstf81fdoctype
19:51:13.779 [main] TRACE - Resolving type for handle ctsst44f3type
19:51:13.789 [main] TRACE - Resolving type for handle ctrsta472type
19:51:13.817 [main] TRACE - Resolving type for handle workbookec17doctype
19:51:13.826 [main] TRACE - Resolving type for handle ctworkbook83c3type
19:51:13.832 [main] TRACE - Resolving type for handle ctsheets49fdtype
19:51:13.834 [main] TRACE - Resolving type for handle ctsheet4dbetype
19:51:13.836 [main] TRACE - Resolving type for handle strelationshipid1e94type
19:51:13.840 [main] TRACE - Resolving type for handle worksheetf539doctype
19:51:13.848 [main] TRACE - Resolving type for handle ctworksheet530dtype
19:51:13.857 [main] TRACE - Resolving type for handle ctsheetdata8408type
19:51:13.861 [main] TRACE - Resolving type for handle ctrowdd39type
19:51:13.867 [main] TRACE - Resolving type for handle ctcell842btype
19:51:13.874 [main] TRACE - Resolving type for handle stcellrefe4e0type
19:51:13.890 [main] TRACE - Resolving type for handle ctcols627ctype
19:51:13.895 [main] TRACE - Resolving type for handle ctcola95ftype
19:51:13.924 [main] TRACE - Resolving type for handle stxstringf179type
19:51:13.927 [main] TRACE - Resolving type for handle stcelltypebf95type
19:55:26.955 [main] DEBUG - Parsing relationship: /xl/_rels/workbook.xml.rels
19:55:26.963 [main] DEBUG - Parsing relationship: /_rels/.rels
19:55:27.186 [main] TRACE - Loading type system org.apache.poi.schemas.ooxml.system.ooxml
19:55:27.189 [main] TRACE - Loading type system org.apache.xmlbeans.metadata.system.sXMLCONFIG
19:55:27.190 [main] TRACE - Loading type system org.apache.xmlbeans.metadata.system.sXMLLANG
19:55:27.191 [main] TRACE - Loading type system org.apache.xmlbeans.metadata.system.sXMLSCHEMA
19:55:27.191 [main] TRACE - Loading type system org.apache.xmlbeans.metadata.system.sXMLTOOLS
19:55:27.192 [main] TRACE - Reading unresolved handles for type system org.apache.xmlbeans.metadata.system.sXMLTOOLS
19:55:27.208 [main] TRACE - Finished loading type system org.apache.xmlbeans.metadata.system.sXMLTOOLS
19:55:27.209 [main] TRACE - Reading unresolved handles for type system org.apache.xmlbeans.metadata.system.sXMLSCHEMA
19:55:27.220 [main] TRACE - Finished loading type system org.apache.xmlbeans.metadata.system.sXMLSCHEMA
19:55:27.221 [main] TRACE - Reading unresolved handles for type system org.apache.xmlbeans.metadata.system.sXMLLANG
19:55:27.222 [main] TRACE - Finished loading type system org.apache.xmlbeans.metadata.system.sXMLLANG
19:55:27.223 [main] TRACE - Reading unresolved handles for type system org.apache.xmlbeans.metadata.system.sXMLCONFIG
19:55:27.225 [main] TRACE - Finished loading type system org.apache.xmlbeans.metadata.system.sXMLCONFIG
19:55:27.226 [main] TRACE - Reading unresolved handles for type system org.apache.poi.schemas.ooxml.system.ooxml
19:55:27.297 [main] TRACE - Finished loading type system org.apache.poi.schemas.ooxml.system.ooxml
19:55:27.298 [main] TRACE - Resolving type for handle themefd26doctype
19:55:27.373 [main] TRACE - Resolving type for handle stylesheet5d8bdoctype
19:55:27.380 [main] TRACE - Resolving type for handle ctstylesheet4257type
19:55:27.386 [main] TRACE - Resolving type for handle ctfonts6623type
19:55:27.389 [main] TRACE - Resolving type for handle ctfont14d8type
19:55:27.396 [main] TRACE - Resolving type for handle ctfills2c6ftype
19:55:27.399 [main] TRACE - Resolving type for handle ctfill550ctype
19:55:27.401 [main] TRACE - Resolving type for handle ctborders0d66type
19:55:27.404 [main] TRACE - Resolving type for handle ctborderf935type
19:55:27.407 [main] TRACE - Resolving type for handle ctcellxfs1322type
19:55:27.410 [main] TRACE - Resolving type for handle ctxf97f7type
19:55:27.414 [main] TRACE - Resolving type for handle ctcellstylexfsa81ftype
19:55:27.416 [main] TRACE - Resolving type for handle ctdxfsb26atype
19:55:27.418 [main] TRACE - Resolving type for handle cttablestyles872ftype
19:55:27.423 [main] TRACE - Resolving type for handle sstf81fdoctype
19:55:27.429 [main] TRACE - Resolving type for handle ctsst44f3type
19:55:27.440 [main] TRACE - Resolving type for handle ctrsta472type
19:55:27.463 [main] TRACE - Resolving type for handle workbookec17doctype
19:55:27.468 [main] TRACE - Resolving type for handle ctworkbook83c3type
19:55:27.475 [main] TRACE - Resolving type for handle ctsheets49fdtype
19:55:27.478 [main] TRACE - Resolving type for handle ctsheet4dbetype
19:55:27.481 [main] TRACE - Resolving type for handle strelationshipid1e94type
19:55:27.484 [main] TRACE - Resolving type for handle worksheetf539doctype
19:55:27.495 [main] TRACE - Resolving type for handle ctworksheet530dtype
19:55:27.502 [main] TRACE - Resolving type for handle ctsheetdata8408type
19:55:27.505 [main] TRACE - Resolving type for handle ctrowdd39type
19:55:27.513 [main] TRACE - Resolving type for handle ctcell842btype
19:55:27.521 [main] TRACE - Resolving type for handle stcellrefe4e0type
19:55:27.536 [main] TRACE - Resolving type for handle ctcols627ctype
19:55:27.541 [main] TRACE - Resolving type for handle ctcola95ftype
19:55:27.571 [main] TRACE - Resolving type for handle stxstringf179type
19:55:27.575 [main] TRACE - Resolving type for handle stcelltypebf95type
21:00:19.357 [main] DEBUG - Parsing relationship: /xl/_rels/workbook.xml.rels
21:00:19.366 [main] DEBUG - Parsing relationship: /_rels/.rels
21:00:19.588 [main] TRACE - Loading type system org.apache.poi.schemas.ooxml.system.ooxml
21:00:19.592 [main] TRACE - Loading type system org.apache.xmlbeans.metadata.system.sXMLCONFIG
21:00:19.592 [main] TRACE - Loading type system org.apache.xmlbeans.metadata.system.sXMLLANG
21:00:19.593 [main] TRACE - Loading type system org.apache.xmlbeans.metadata.system.sXMLSCHEMA
21:00:19.594 [main] TRACE - Loading type system org.apache.xmlbeans.metadata.system.sXMLTOOLS
21:00:19.596 [main] TRACE - Reading unresolved handles for type system org.apache.xmlbeans.metadata.system.sXMLTOOLS
21:00:19.610 [main] TRACE - Finished loading type system org.apache.xmlbeans.metadata.system.sXMLTOOLS
21:00:19.612 [main] TRACE - Reading unresolved handles for type system org.apache.xmlbeans.metadata.system.sXMLSCHEMA
21:00:19.619 [main] TRACE - Finished loading type system org.apache.xmlbeans.metadata.system.sXMLSCHEMA
21:00:19.620 [main] TRACE - Reading unresolved handles for type system org.apache.xmlbeans.metadata.system.sXMLLANG
21:00:19.622 [main] TRACE - Finished loading type system org.apache.xmlbeans.metadata.system.sXMLLANG
21:00:19.623 [main] TRACE - Reading unresolved handles for type system org.apache.xmlbeans.metadata.system.sXMLCONFIG
21:00:19.624 [main] TRACE - Finished loading type system org.apache.xmlbeans.metadata.system.sXMLCONFIG
21:00:19.626 [main] TRACE - Reading unresolved handles for type system org.apache.poi.schemas.ooxml.system.ooxml
21:00:19.726 [main] TRACE - Finished loading type system org.apache.poi.schemas.ooxml.system.ooxml
21:00:19.728 [main] TRACE - Resolving type for handle themefd26doctype
21:00:19.813 [main] TRACE - Resolving type for handle stylesheet5d8bdoctype
21:00:19.822 [main] TRACE - Resolving type for handle ctstylesheet4257type
21:00:19.829 [main] TRACE - Resolving type for handle ctfonts6623type
21:00:19.834 [main] TRACE - Resolving type for handle ctfont14d8type
21:00:19.842 [main] TRACE - Resolving type for handle ctfills2c6ftype
21:00:19.845 [main] TRACE - Resolving type for handle ctfill550ctype
21:00:19.847 [main] TRACE - Resolving type for handle ctborders0d66type
21:00:19.851 [main] TRACE - Resolving type for handle ctborderf935type
21:00:19.856 [main] TRACE - Resolving type for handle ctcellxfs1322type
21:00:19.860 [main] TRACE - Resolving type for handle ctxf97f7type
21:00:19.864 [main] TRACE - Resolving type for handle ctcellstylexfsa81ftype
21:00:19.867 [main] TRACE - Resolving type for handle ctdxfsb26atype
21:00:19.870 [main] TRACE - Resolving type for handle cttablestyles872ftype
21:00:19.875 [main] TRACE - Resolving type for handle sstf81fdoctype
21:00:19.881 [main] TRACE - Resolving type for handle ctsst44f3type
21:00:19.894 [main] TRACE - Resolving type for handle ctrsta472type
21:00:19.922 [main] TRACE - Resolving type for handle workbookec17doctype
21:00:19.928 [main] TRACE - Resolving type for handle ctworkbook83c3type
21:00:19.938 [main] TRACE - Resolving type for handle ctsheets49fdtype
21:00:19.941 [main] TRACE - Resolving type for handle ctsheet4dbetype
21:00:19.944 [main] TRACE - Resolving type for handle strelationshipid1e94type
21:00:19.946 [main] TRACE - Resolving type for handle worksheetf539doctype
21:00:19.957 [main] TRACE - Resolving type for handle ctworksheet530dtype
21:00:19.966 [main] TRACE - Resolving type for handle ctsheetdata8408type
21:00:19.968 [main] TRACE - Resolving type for handle ctrowdd39type
21:00:19.975 [main] TRACE - Resolving type for handle ctcell842btype
21:00:19.985 [main] TRACE - Resolving type for handle stcellrefe4e0type
21:00:20.000 [main] TRACE - Resolving type for handle ctcols627ctype
21:00:20.014 [main] TRACE - Resolving type for handle ctcola95ftype
21:00:20.045 [main] TRACE - Resolving type for handle stxstringf179type
21:00:20.048 [main] TRACE - Resolving type for handle stcelltypebf95type
21:01:11.371 [main] DEBUG - Parsing relationship: /xl/_rels/workbook.xml.rels
21:01:11.381 [main] DEBUG - Parsing relationship: /_rels/.rels
21:01:11.639 [main] TRACE - Loading type system org.apache.poi.schemas.ooxml.system.ooxml
21:01:11.643 [main] TRACE - Loading type system org.apache.xmlbeans.metadata.system.sXMLCONFIG
21:01:11.644 [main] TRACE - Loading type system org.apache.xmlbeans.metadata.system.sXMLLANG
21:01:11.644 [main] TRACE - Loading type system org.apache.xmlbeans.metadata.system.sXMLSCHEMA
21:01:11.645 [main] TRACE - Loading type system org.apache.xmlbeans.metadata.system.sXMLTOOLS
21:01:11.646 [main] TRACE - Reading unresolved handles for type system org.apache.xmlbeans.metadata.system.sXMLTOOLS
21:01:11.664 [main] TRACE - Finished loading type system org.apache.xmlbeans.metadata.system.sXMLTOOLS
21:01:11.665 [main] TRACE - Reading unresolved handles for type system org.apache.xmlbeans.metadata.system.sXMLSCHEMA
21:01:11.672 [main] TRACE - Finished loading type system org.apache.xmlbeans.metadata.system.sXMLSCHEMA
21:01:11.674 [main] TRACE - Reading unresolved handles for type system org.apache.xmlbeans.metadata.system.sXMLLANG
21:01:11.675 [main] TRACE - Finished loading type system org.apache.xmlbeans.metadata.system.sXMLLANG
21:01:11.677 [main] TRACE - Reading unresolved handles for type system org.apache.xmlbeans.metadata.system.sXMLCONFIG
21:01:11.679 [main] TRACE - Finished loading type system org.apache.xmlbeans.metadata.system.sXMLCONFIG
21:01:11.681 [main] TRACE - Reading unresolved handles for type system org.apache.poi.schemas.ooxml.system.ooxml
21:01:11.771 [main] TRACE - Finished loading type system org.apache.poi.schemas.ooxml.system.ooxml
21:01:11.771 [main] TRACE - Resolving type for handle themefd26doctype
21:01:11.864 [main] TRACE - Resolving type for handle stylesheet5d8bdoctype
21:01:11.871 [main] TRACE - Resolving type for handle ctstylesheet4257type
21:01:11.877 [main] TRACE - Resolving type for handle ctfonts6623type
21:01:11.881 [main] TRACE - Resolving type for handle ctfont14d8type
21:01:11.890 [main] TRACE - Resolving type for handle ctfills2c6ftype
21:01:11.894 [main] TRACE - Resolving type for handle ctfill550ctype
21:01:11.898 [main] TRACE - Resolving type for handle ctborders0d66type
21:01:11.901 [main] TRACE - Resolving type for handle ctborderf935type
21:01:11.905 [main] TRACE - Resolving type for handle ctcellxfs1322type
21:01:11.911 [main] TRACE - Resolving type for handle ctxf97f7type
21:01:11.916 [main] TRACE - Resolving type for handle ctcellstylexfsa81ftype
21:01:11.920 [main] TRACE - Resolving type for handle ctdxfsb26atype
21:01:11.923 [main] TRACE - Resolving type for handle cttablestyles872ftype
21:01:11.929 [main] TRACE - Resolving type for handle sstf81fdoctype
21:01:11.942 [main] TRACE - Resolving type for handle ctsst44f3type
21:01:11.965 [main] TRACE - Resolving type for handle ctrsta472type
21:01:12.004 [main] TRACE - Resolving type for handle workbookec17doctype
21:01:12.013 [main] TRACE - Resolving type for handle ctworkbook83c3type
21:01:12.019 [main] TRACE - Resolving type for handle ctsheets49fdtype
21:01:12.022 [main] TRACE - Resolving type for handle ctsheet4dbetype
21:01:12.025 [main] TRACE - Resolving type for handle strelationshipid1e94type
21:01:12.028 [main] TRACE - Resolving type for handle worksheetf539doctype
21:01:12.047 [main] TRACE - Resolving type for handle ctworksheet530dtype
21:01:12.056 [main] TRACE - Resolving type for handle ctsheetdata8408type
21:01:12.060 [main] TRACE - Resolving type for handle ctrowdd39type
21:01:12.069 [main] TRACE - Resolving type for handle ctcell842btype
21:01:12.082 [main] TRACE - Resolving type for handle stcellrefe4e0type
21:01:12.116 [main] TRACE - Resolving type for handle ctcols627ctype
21:01:12.124 [main] TRACE - Resolving type for handle ctcola95ftype
21:01:12.164 [main] TRACE - Resolving type for handle stxstringf179type
21:01:12.167 [main] TRACE - Resolving type for handle stcelltypebf95type
21:03:55.146 [main] DEBUG - Parsing relationship: /xl/_rels/workbook.xml.rels
21:03:55.154 [main] DEBUG - Parsing relationship: /_rels/.rels
21:03:55.372 [main] TRACE - Loading type system org.apache.poi.schemas.ooxml.system.ooxml
21:03:55.375 [main] TRACE - Loading type system org.apache.xmlbeans.metadata.system.sXMLCONFIG
21:03:55.376 [main] TRACE - Loading type system org.apache.xmlbeans.metadata.system.sXMLLANG
21:03:55.376 [main] TRACE - Loading type system org.apache.xmlbeans.metadata.system.sXMLSCHEMA
21:03:55.377 [main] TRACE - Loading type system org.apache.xmlbeans.metadata.system.sXMLTOOLS
21:03:55.378 [main] TRACE - Reading unresolved handles for type system org.apache.xmlbeans.metadata.system.sXMLTOOLS
21:03:55.395 [main] TRACE - Finished loading type system org.apache.xmlbeans.metadata.system.sXMLTOOLS
21:03:55.396 [main] TRACE - Reading unresolved handles for type system org.apache.xmlbeans.metadata.system.sXMLSCHEMA
21:03:55.404 [main] TRACE - Finished loading type system org.apache.xmlbeans.metadata.system.sXMLSCHEMA
21:03:55.406 [main] TRACE - Reading unresolved handles for type system org.apache.xmlbeans.metadata.system.sXMLLANG
21:03:55.407 [main] TRACE - Finished loading type system org.apache.xmlbeans.metadata.system.sXMLLANG
21:03:55.408 [main] TRACE - Reading unresolved handles for type system org.apache.xmlbeans.metadata.system.sXMLCONFIG
21:03:55.409 [main] TRACE - Finished loading type system org.apache.xmlbeans.metadata.system.sXMLCONFIG
21:03:55.411 [main] TRACE - Reading unresolved handles for type system org.apache.poi.schemas.ooxml.system.ooxml
21:03:55.510 [main] TRACE - Finished loading type system org.apache.poi.schemas.ooxml.system.ooxml
21:03:55.511 [main] TRACE - Resolving type for handle themefd26doctype
21:03:55.591 [main] TRACE - Resolving type for handle stylesheet5d8bdoctype
21:03:55.599 [main] TRACE - Resolving type for handle ctstylesheet4257type
21:03:55.605 [main] TRACE - Resolving type for handle ctfonts6623type
21:03:55.614 [main] TRACE - Resolving type for handle ctfont14d8type
21:03:55.625 [main] TRACE - Resolving type for handle ctfills2c6ftype
21:03:55.629 [main] TRACE - Resolving type for handle ctfill550ctype
21:03:55.631 [main] TRACE - Resolving type for handle ctborders0d66type
21:03:55.635 [main] TRACE - Resolving type for handle ctborderf935type
21:03:55.640 [main] TRACE - Resolving type for handle ctcellxfs1322type
21:03:55.643 [main] TRACE - Resolving type for handle ctxf97f7type
21:03:55.648 [main] TRACE - Resolving type for handle ctcellstylexfsa81ftype
21:03:55.652 [main] TRACE - Resolving type for handle ctdxfsb26atype
21:03:55.656 [main] TRACE - Resolving type for handle cttablestyles872ftype
21:03:55.661 [main] TRACE - Resolving type for handle sstf81fdoctype
21:03:55.668 [main] TRACE - Resolving type for handle ctsst44f3type
21:03:55.682 [main] TRACE - Resolving type for handle ctrsta472type
21:03:55.716 [main] TRACE - Resolving type for handle workbookec17doctype
21:03:55.724 [main] TRACE - Resolving type for handle ctworkbook83c3type
21:03:55.733 [main] TRACE - Resolving type for handle ctsheets49fdtype
21:03:55.735 [main] TRACE - Resolving type for handle ctsheet4dbetype
21:03:55.738 [main] TRACE - Resolving type for handle strelationshipid1e94type
21:03:55.740 [main] TRACE - Resolving type for handle worksheetf539doctype
21:03:55.749 [main] TRACE - Resolving type for handle ctworksheet530dtype
21:03:55.757 [main] TRACE - Resolving type for handle ctsheetdata8408type
21:03:55.760 [main] TRACE - Resolving type for handle ctrowdd39type
21:03:55.767 [main] TRACE - Resolving type for handle ctcell842btype
21:03:55.775 [main] TRACE - Resolving type for handle stcellrefe4e0type
21:03:55.791 [main] TRACE - Resolving type for handle ctcols627ctype
21:03:55.798 [main] TRACE - Resolving type for handle ctcola95ftype
21:03:55.826 [main] TRACE - Resolving type for handle stxstringf179type
21:03:55.829 [main] TRACE - Resolving type for handle stcelltypebf95type
21:09:56.757 [main] DEBUG - Parsing relationship: /xl/_rels/workbook.xml.rels
21:09:56.763 [main] DEBUG - Parsing relationship: /_rels/.rels
21:09:56.973 [main] TRACE - Loading type system org.apache.poi.schemas.ooxml.system.ooxml
21:09:56.976 [main] TRACE - Loading type system org.apache.xmlbeans.metadata.system.sXMLCONFIG
21:09:56.976 [main] TRACE - Loading type system org.apache.xmlbeans.metadata.system.sXMLLANG
21:09:56.977 [main] TRACE - Loading type system org.apache.xmlbeans.metadata.system.sXMLSCHEMA
21:09:56.977 [main] TRACE - Loading type system org.apache.xmlbeans.metadata.system.sXMLTOOLS
21:09:56.979 [main] TRACE - Reading unresolved handles for type system org.apache.xmlbeans.metadata.system.sXMLTOOLS
21:09:56.992 [main] TRACE - Finished loading type system org.apache.xmlbeans.metadata.system.sXMLTOOLS
21:09:56.993 [main] TRACE - Reading unresolved handles for type system org.apache.xmlbeans.metadata.system.sXMLSCHEMA
21:09:57.000 [main] TRACE - Finished loading type system org.apache.xmlbeans.metadata.system.sXMLSCHEMA
21:09:57.001 [main] TRACE - Reading unresolved handles for type system org.apache.xmlbeans.metadata.system.sXMLLANG
21:09:57.003 [main] TRACE - Finished loading type system org.apache.xmlbeans.metadata.system.sXMLLANG
21:09:57.004 [main] TRACE - Reading unresolved handles for type system org.apache.xmlbeans.metadata.system.sXMLCONFIG
21:09:57.005 [main] TRACE - Finished loading type system org.apache.xmlbeans.metadata.system.sXMLCONFIG
21:09:57.005 [main] TRACE - Reading unresolved handles for type system org.apache.poi.schemas.ooxml.system.ooxml
21:09:57.096 [main] TRACE - Finished loading type system org.apache.poi.schemas.ooxml.system.ooxml
21:09:57.098 [main] TRACE - Resolving type for handle themefd26doctype
21:09:57.179 [main] TRACE - Resolving type for handle stylesheet5d8bdoctype
21:09:57.187 [main] TRACE - Resolving type for handle ctstylesheet4257type
21:09:57.193 [main] TRACE - Resolving type for handle ctfonts6623type
21:09:57.197 [main] TRACE - Resolving type for handle ctfont14d8type
21:09:57.204 [main] TRACE - Resolving type for handle ctfills2c6ftype
21:09:57.207 [main] TRACE - Resolving type for handle ctfill550ctype
21:09:57.209 [main] TRACE - Resolving type for handle ctborders0d66type
21:09:57.213 [main] TRACE - Resolving type for handle ctborderf935type
21:09:57.217 [main] TRACE - Resolving type for handle ctcellxfs1322type
21:09:57.220 [main] TRACE - Resolving type for handle ctxf97f7type
21:09:57.223 [main] TRACE - Resolving type for handle ctcellstylexfsa81ftype
21:09:57.226 [main] TRACE - Resolving type for handle ctdxfsb26atype
21:09:57.229 [main] TRACE - Resolving type for handle cttablestyles872ftype
21:09:57.233 [main] TRACE - Resolving type for handle sstf81fdoctype
21:09:57.238 [main] TRACE - Resolving type for handle ctsst44f3type
21:09:57.248 [main] TRACE - Resolving type for handle ctrsta472type
21:09:57.272 [main] TRACE - Resolving type for handle workbookec17doctype
21:09:57.278 [main] TRACE - Resolving type for handle ctworkbook83c3type
21:09:57.284 [main] TRACE - Resolving type for handle ctsheets49fdtype
21:09:57.287 [main] TRACE - Resolving type for handle ctsheet4dbetype
21:09:57.289 [main] TRACE - Resolving type for handle strelationshipid1e94type
21:09:57.291 [main] TRACE - Resolving type for handle worksheetf539doctype
21:09:57.302 [main] TRACE - Resolving type for handle ctworksheet530dtype
21:09:57.310 [main] TRACE - Resolving type for handle ctsheetdata8408type
21:09:57.314 [main] TRACE - Resolving type for handle ctrowdd39type
21:09:57.321 [main] TRACE - Resolving type for handle ctcell842btype
21:09:57.329 [main] TRACE - Resolving type for handle stcellrefe4e0type
21:09:57.342 [main] TRACE - Resolving type for handle ctcols627ctype
21:09:57.348 [main] TRACE - Resolving type for handle ctcola95ftype
21:09:57.377 [main] TRACE - Resolving type for handle stxstringf179type
21:09:57.380 [main] TRACE - Resolving type for handle stcelltypebf95type
21:17:43.139 [main] DEBUG - Parsing relationship: /xl/_rels/workbook.xml.rels
21:17:43.147 [main] DEBUG - Parsing relationship: /_rels/.rels
21:17:43.354 [main] TRACE - Loading type system org.apache.poi.schemas.ooxml.system.ooxml
21:17:43.358 [main] TRACE - Loading type system org.apache.xmlbeans.metadata.system.sXMLCONFIG
21:17:43.359 [main] TRACE - Loading type system org.apache.xmlbeans.metadata.system.sXMLLANG
21:17:43.360 [main] TRACE - Loading type system org.apache.xmlbeans.metadata.system.sXMLSCHEMA
21:17:43.360 [main] TRACE - Loading type system org.apache.xmlbeans.metadata.system.sXMLTOOLS
21:17:43.362 [main] TRACE - Reading unresolved handles for type system org.apache.xmlbeans.metadata.system.sXMLTOOLS
21:17:43.377 [main] TRACE - Finished loading type system org.apache.xmlbeans.metadata.system.sXMLTOOLS
21:17:43.378 [main] TRACE - Reading unresolved handles for type system org.apache.xmlbeans.metadata.system.sXMLSCHEMA
21:17:43.386 [main] TRACE - Finished loading type system org.apache.xmlbeans.metadata.system.sXMLSCHEMA
21:17:43.387 [main] TRACE - Reading unresolved handles for type system org.apache.xmlbeans.metadata.system.sXMLLANG
21:17:43.389 [main] TRACE - Finished loading type system org.apache.xmlbeans.metadata.system.sXMLLANG
21:17:43.390 [main] TRACE - Reading unresolved handles for type system org.apache.xmlbeans.metadata.system.sXMLCONFIG
21:17:43.392 [main] TRACE - Finished loading type system org.apache.xmlbeans.metadata.system.sXMLCONFIG
21:17:43.393 [main] TRACE - Reading unresolved handles for type system org.apache.poi.schemas.ooxml.system.ooxml
21:17:43.468 [main] TRACE - Finished loading type system org.apache.poi.schemas.ooxml.system.ooxml
21:17:43.469 [main] TRACE - Resolving type for handle themefd26doctype
21:17:43.546 [main] TRACE - Resolving type for handle stylesheet5d8bdoctype
21:17:43.554 [main] TRACE - Resolving type for handle ctstylesheet4257type
21:17:43.560 [main] TRACE - Resolving type for handle ctfonts6623type
21:17:43.564 [main] TRACE - Resolving type for handle ctfont14d8type
21:17:43.572 [main] TRACE - Resolving type for handle ctfills2c6ftype
21:17:43.575 [main] TRACE - Resolving type for handle ctfill550ctype
21:17:43.578 [main] TRACE - Resolving type for handle ctborders0d66type
21:17:43.581 [main] TRACE - Resolving type for handle ctborderf935type
21:17:43.585 [main] TRACE - Resolving type for handle ctcellxfs1322type
21:17:43.589 [main] TRACE - Resolving type for handle ctxf97f7type
21:17:43.593 [main] TRACE - Resolving type for handle ctcellstylexfsa81ftype
21:17:43.595 [main] TRACE - Resolving type for handle ctdxfsb26atype
21:17:43.598 [main] TRACE - Resolving type for handle cttablestyles872ftype
21:17:43.602 [main] TRACE - Resolving type for handle sstf81fdoctype
21:17:43.608 [main] TRACE - Resolving type for handle ctsst44f3type
21:17:43.619 [main] TRACE - Resolving type for handle ctrsta472type
21:17:43.643 [main] TRACE - Resolving type for handle workbookec17doctype
21:17:43.649 [main] TRACE - Resolving type for handle ctworkbook83c3type
21:17:43.655 [main] TRACE - Resolving type for handle ctsheets49fdtype
21:17:43.658 [main] TRACE - Resolving type for handle ctsheet4dbetype
21:17:43.661 [main] TRACE - Resolving type for handle strelationshipid1e94type
21:17:43.664 [main] TRACE - Resolving type for handle worksheetf539doctype
21:17:43.675 [main] TRACE - Resolving type for handle ctworksheet530dtype
21:17:43.684 [main] TRACE - Resolving type for handle ctsheetdata8408type
21:17:43.687 [main] TRACE - Resolving type for handle ctrowdd39type
21:17:43.694 [main] TRACE - Resolving type for handle ctcell842btype
21:17:43.703 [main] TRACE - Resolving type for handle stcellrefe4e0type
21:17:43.717 [main] TRACE - Resolving type for handle ctcols627ctype
21:17:43.725 [main] TRACE - Resolving type for handle ctcola95ftype
21:17:43.758 [main] TRACE - Resolving type for handle stxstringf179type
21:17:43.762 [main] TRACE - Resolving type for handle stcelltypebf95type
21:17:56.476 [main] DEBUG - Parsing relationship: /xl/_rels/workbook.xml.rels
21:17:56.478 [main] DEBUG - Parsing relationship: /_rels/.rels
21:18:13.714 [main] DEBUG - Parsing relationship: /xl/_rels/workbook.xml.rels
21:18:13.716 [main] DEBUG - Parsing relationship: /_rels/.rels
21:18:32.211 [main] DEBUG - Parsing relationship: /xl/_rels/workbook.xml.rels
21:18:32.213 [main] DEBUG - Parsing relationship: /_rels/.rels
21:20:43.340 [main] DEBUG - Parsing relationship: /xl/_rels/workbook.xml.rels
21:20:43.348 [main] DEBUG - Parsing relationship: /_rels/.rels
21:20:43.553 [main] TRACE - Loading type system org.apache.poi.schemas.ooxml.system.ooxml
21:20:43.556 [main] TRACE - Loading type system org.apache.xmlbeans.metadata.system.sXMLCONFIG
21:20:43.557 [main] TRACE - Loading type system org.apache.xmlbeans.metadata.system.sXMLLANG
21:20:43.557 [main] TRACE - Loading type system org.apache.xmlbeans.metadata.system.sXMLSCHEMA
21:20:43.558 [main] TRACE - Loading type system org.apache.xmlbeans.metadata.system.sXMLTOOLS
21:20:43.559 [main] TRACE - Reading unresolved handles for type system org.apache.xmlbeans.metadata.system.sXMLTOOLS
21:20:43.572 [main] TRACE - Finished loading type system org.apache.xmlbeans.metadata.system.sXMLTOOLS
21:20:43.573 [main] TRACE - Reading unresolved handles for type system org.apache.xmlbeans.metadata.system.sXMLSCHEMA
21:20:43.580 [main] TRACE - Finished loading type system org.apache.xmlbeans.metadata.system.sXMLSCHEMA
21:20:43.582 [main] TRACE - Reading unresolved handles for type system org.apache.xmlbeans.metadata.system.sXMLLANG
21:20:43.583 [main] TRACE - Finished loading type system org.apache.xmlbeans.metadata.system.sXMLLANG
21:20:43.585 [main] TRACE - Reading unresolved handles for type system org.apache.xmlbeans.metadata.system.sXMLCONFIG
21:20:43.586 [main] TRACE - Finished loading type system org.apache.xmlbeans.metadata.system.sXMLCONFIG
21:20:43.588 [main] TRACE - Reading unresolved handles for type system org.apache.poi.schemas.ooxml.system.ooxml
21:20:43.669 [main] TRACE - Finished loading type system org.apache.poi.schemas.ooxml.system.ooxml
21:20:43.670 [main] TRACE - Resolving type for handle themefd26doctype
21:20:43.762 [main] TRACE - Resolving type for handle stylesheet5d8bdoctype
21:20:43.768 [main] TRACE - Resolving type for handle ctstylesheet4257type
21:20:43.773 [main] TRACE - Resolving type for handle ctfonts6623type
21:20:43.777 [main] TRACE - Resolving type for handle ctfont14d8type
21:20:43.785 [main] TRACE - Resolving type for handle ctfills2c6ftype
21:20:43.788 [main] TRACE - Resolving type for handle ctfill550ctype
21:20:43.790 [main] TRACE - Resolving type for handle ctborders0d66type
21:20:43.793 [main] TRACE - Resolving type for handle ctborderf935type
21:20:43.797 [main] TRACE - Resolving type for handle ctcellxfs1322type
21:20:43.801 [main] TRACE - Resolving type for handle ctxf97f7type
21:20:43.804 [main] TRACE - Resolving type for handle ctcellstylexfsa81ftype
21:20:43.807 [main] TRACE - Resolving type for handle ctdxfsb26atype
21:20:43.810 [main] TRACE - Resolving type for handle cttablestyles872ftype
21:20:43.814 [main] TRACE - Resolving type for handle sstf81fdoctype
21:20:43.821 [main] TRACE - Resolving type for handle ctsst44f3type
21:20:43.832 [main] TRACE - Resolving type for handle ctrsta472type
21:20:43.869 [main] TRACE - Resolving type for handle workbookec17doctype
21:20:43.876 [main] TRACE - Resolving type for handle ctworkbook83c3type
21:20:43.883 [main] TRACE - Resolving type for handle ctsheets49fdtype
21:20:43.886 [main] TRACE - Resolving type for handle ctsheet4dbetype
21:20:43.889 [main] TRACE - Resolving type for handle strelationshipid1e94type
21:20:43.893 [main] TRACE - Resolving type for handle worksheetf539doctype
21:20:43.905 [main] TRACE - Resolving type for handle ctworksheet530dtype
21:20:43.913 [main] TRACE - Resolving type for handle ctsheetdata8408type
21:20:43.916 [main] TRACE - Resolving type for handle ctrowdd39type
21:20:43.924 [main] TRACE - Resolving type for handle ctcell842btype
21:20:43.932 [main] TRACE - Resolving type for handle stcellrefe4e0type
21:20:43.946 [main] TRACE - Resolving type for handle ctcols627ctype
21:20:43.953 [main] TRACE - Resolving type for handle ctcola95ftype
21:20:43.986 [main] TRACE - Resolving type for handle stxstringf179type
21:20:43.989 [main] TRACE - Resolving type for handle stcelltypebf95type
