16:51:38.919 [main] TRACE - Resolving type for handle worksheetf539doctype
16:51:39.002 [main] TRACE - Resolving type for handle ctworksheet530dtype
16:51:39.011 [main] TRACE - Resolving type for handle ctsheetdata8408type
16:51:39.014 [main] TRACE - Resolving type for handle ctrowdd39type
16:51:39.020 [main] TRACE - Resolving type for handle ctcell842btype
16:51:39.030 [main] TRACE - Resolving type for handle stcellrefe4e0type
16:51:39.045 [main] TRACE - Resolving type for handle ctcols627ctype
16:51:39.052 [main] TRACE - Resolving type for handle ctcola95ftype
16:51:39.085 [main] TRACE - Resolving type for handle stxstringf179type
16:51:39.089 [main] TRACE - Resolving type for handle stcelltypebf95type
16:51:53.618 [main] DEBUG - Parsing relationship: /xl/_rels/workbook.xml.rels
16:51:53.620 [main] DEBUG - Parsing relationship: /_rels/.rels
16:52:06.463 [main] DEBUG - Parsing relationship: /xl/_rels/workbook.xml.rels
16:52:06.465 [main] DEBUG - Parsing relationship: /_rels/.rels
16:52:22.996 [main] DEBUG - Parsing relationship: /xl/_rels/workbook.xml.rels
16:52:23.001 [main] DEBUG - Parsing relationship: /_rels/.rels
16:56:33.761 [main] DEBUG - Parsing relationship: /xl/_rels/workbook.xml.rels
16:56:33.769 [main] DEBUG - Parsing relationship: /_rels/.rels
16:56:33.976 [main] TRACE - Loading type system org.apache.poi.schemas.ooxml.system.ooxml
16:56:33.980 [main] TRACE - Loading type system org.apache.xmlbeans.metadata.system.sXMLCONFIG
16:56:33.981 [main] TRACE - Loading type system org.apache.xmlbeans.metadata.system.sXMLLANG
16:56:33.982 [main] TRACE - Loading type system org.apache.xmlbeans.metadata.system.sXMLSCHEMA
16:56:33.982 [main] TRACE - Loading type system org.apache.xmlbeans.metadata.system.sXMLTOOLS
16:56:33.984 [main] TRACE - Reading unresolved handles for type system org.apache.xmlbeans.metadata.system.sXMLTOOLS
16:56:34.000 [main] TRACE - Finished loading type system org.apache.xmlbeans.metadata.system.sXMLTOOLS
16:56:34.001 [main] TRACE - Reading unresolved handles for type system org.apache.xmlbeans.metadata.system.sXMLSCHEMA
16:56:34.008 [main] TRACE - Finished loading type system org.apache.xmlbeans.metadata.system.sXMLSCHEMA
16:56:34.010 [main] TRACE - Reading unresolved handles for type system org.apache.xmlbeans.metadata.system.sXMLLANG
16:56:34.011 [main] TRACE - Finished loading type system org.apache.xmlbeans.metadata.system.sXMLLANG
16:56:34.013 [main] TRACE - Reading unresolved handles for type system org.apache.xmlbeans.metadata.system.sXMLCONFIG
16:56:34.014 [main] TRACE - Finished loading type system org.apache.xmlbeans.metadata.system.sXMLCONFIG
16:56:34.016 [main] TRACE - Reading unresolved handles for type system org.apache.poi.schemas.ooxml.system.ooxml
16:56:34.087 [main] TRACE - Finished loading type system org.apache.poi.schemas.ooxml.system.ooxml
16:56:34.088 [main] TRACE - Resolving type for handle themefd26doctype
16:56:34.156 [main] TRACE - Resolving type for handle stylesheet5d8bdoctype
16:56:34.163 [main] TRACE - Resolving type for handle ctstylesheet4257type
16:56:34.168 [main] TRACE - Resolving type for handle ctfonts6623type
16:56:34.171 [main] TRACE - Resolving type for handle ctfont14d8type
16:56:34.180 [main] TRACE - Resolving type for handle ctfills2c6ftype
16:56:34.182 [main] TRACE - Resolving type for handle ctfill550ctype
16:56:34.185 [main] TRACE - Resolving type for handle ctborders0d66type
16:56:34.187 [main] TRACE - Resolving type for handle ctborderf935type
16:56:34.191 [main] TRACE - Resolving type for handle ctcellxfs1322type
16:56:34.194 [main] TRACE - Resolving type for handle ctxf97f7type
16:56:34.197 [main] TRACE - Resolving type for handle ctcellstylexfsa81ftype
16:56:34.199 [main] TRACE - Resolving type for handle ctdxfsb26atype
16:56:34.203 [main] TRACE - Resolving type for handle cttablestyles872ftype
16:56:34.206 [main] TRACE - Resolving type for handle sstf81fdoctype
16:56:34.213 [main] TRACE - Resolving type for handle ctsst44f3type
16:56:34.221 [main] TRACE - Resolving type for handle ctrsta472type
16:56:34.252 [main] TRACE - Resolving type for handle workbookec17doctype
16:56:34.258 [main] TRACE - Resolving type for handle ctworkbook83c3type
16:56:34.265 [main] TRACE - Resolving type for handle ctsheets49fdtype
16:56:34.269 [main] TRACE - Resolving type for handle ctsheet4dbetype
16:56:34.271 [main] TRACE - Resolving type for handle strelationshipid1e94type
16:56:34.273 [main] TRACE - Resolving type for handle worksheetf539doctype
16:56:34.284 [main] TRACE - Resolving type for handle ctworksheet530dtype
16:56:34.294 [main] TRACE - Resolving type for handle ctsheetdata8408type
16:56:34.297 [main] TRACE - Resolving type for handle ctrowdd39type
16:56:34.304 [main] TRACE - Resolving type for handle ctcell842btype
16:56:34.314 [main] TRACE - Resolving type for handle stcellrefe4e0type
16:56:34.329 [main] TRACE - Resolving type for handle ctcols627ctype
16:56:34.341 [main] TRACE - Resolving type for handle ctcola95ftype
16:56:34.372 [main] TRACE - Resolving type for handle stxstringf179type
16:56:34.375 [main] TRACE - Resolving type for handle stcelltypebf95type
16:56:46.432 [main] DEBUG - Parsing relationship: /xl/_rels/workbook.xml.rels
16:56:46.434 [main] DEBUG - Parsing relationship: /_rels/.rels
16:56:58.487 [main] DEBUG - Parsing relationship: /xl/_rels/workbook.xml.rels
16:56:58.490 [main] DEBUG - Parsing relationship: /_rels/.rels
16:57:09.871 [main] DEBUG - Parsing relationship: /xl/_rels/workbook.xml.rels
16:57:09.874 [main] DEBUG - Parsing relationship: /_rels/.rels
17:04:30.770 [main] DEBUG - Parsing relationship: /xl/_rels/workbook.xml.rels
17:04:30.779 [main] DEBUG - Parsing relationship: /_rels/.rels
17:04:30.984 [main] TRACE - Loading type system org.apache.poi.schemas.ooxml.system.ooxml
17:04:30.988 [main] TRACE - Loading type system org.apache.xmlbeans.metadata.system.sXMLCONFIG
17:04:30.989 [main] TRACE - Loading type system org.apache.xmlbeans.metadata.system.sXMLLANG
17:04:30.990 [main] TRACE - Loading type system org.apache.xmlbeans.metadata.system.sXMLSCHEMA
17:04:30.991 [main] TRACE - Loading type system org.apache.xmlbeans.metadata.system.sXMLTOOLS
17:04:30.993 [main] TRACE - Reading unresolved handles for type system org.apache.xmlbeans.metadata.system.sXMLTOOLS
17:04:31.012 [main] TRACE - Finished loading type system org.apache.xmlbeans.metadata.system.sXMLTOOLS
17:04:31.014 [main] TRACE - Reading unresolved handles for type system org.apache.xmlbeans.metadata.system.sXMLSCHEMA
17:04:31.021 [main] TRACE - Finished loading type system org.apache.xmlbeans.metadata.system.sXMLSCHEMA
17:04:31.023 [main] TRACE - Reading unresolved handles for type system org.apache.xmlbeans.metadata.system.sXMLLANG
17:04:31.024 [main] TRACE - Finished loading type system org.apache.xmlbeans.metadata.system.sXMLLANG
17:04:31.026 [main] TRACE - Reading unresolved handles for type system org.apache.xmlbeans.metadata.system.sXMLCONFIG
17:04:31.027 [main] TRACE - Finished loading type system org.apache.xmlbeans.metadata.system.sXMLCONFIG
17:04:31.028 [main] TRACE - Reading unresolved handles for type system org.apache.poi.schemas.ooxml.system.ooxml
17:04:31.100 [main] TRACE - Finished loading type system org.apache.poi.schemas.ooxml.system.ooxml
17:04:31.101 [main] TRACE - Resolving type for handle themefd26doctype
17:04:31.185 [main] TRACE - Resolving type for handle stylesheet5d8bdoctype
17:04:31.194 [main] TRACE - Resolving type for handle ctstylesheet4257type
17:04:31.199 [main] TRACE - Resolving type for handle ctfonts6623type
17:04:31.204 [main] TRACE - Resolving type for handle ctfont14d8type
17:04:31.212 [main] TRACE - Resolving type for handle ctfills2c6ftype
17:04:31.215 [main] TRACE - Resolving type for handle ctfill550ctype
17:04:31.217 [main] TRACE - Resolving type for handle ctborders0d66type
17:04:31.220 [main] TRACE - Resolving type for handle ctborderf935type
17:04:31.223 [main] TRACE - Resolving type for handle ctcellxfs1322type
17:04:31.226 [main] TRACE - Resolving type for handle ctxf97f7type
17:04:31.230 [main] TRACE - Resolving type for handle ctcellstylexfsa81ftype
17:04:31.233 [main] TRACE - Resolving type for handle ctdxfsb26atype
17:04:31.236 [main] TRACE - Resolving type for handle cttablestyles872ftype
17:04:31.241 [main] TRACE - Resolving type for handle sstf81fdoctype
17:04:31.247 [main] TRACE - Resolving type for handle ctsst44f3type
17:04:31.259 [main] TRACE - Resolving type for handle ctrsta472type
17:04:31.290 [main] TRACE - Resolving type for handle workbookec17doctype
17:04:31.296 [main] TRACE - Resolving type for handle ctworkbook83c3type
17:04:31.303 [main] TRACE - Resolving type for handle ctsheets49fdtype
17:04:31.307 [main] TRACE - Resolving type for handle ctsheet4dbetype
17:04:31.310 [main] TRACE - Resolving type for handle strelationshipid1e94type
17:04:31.313 [main] TRACE - Resolving type for handle worksheetf539doctype
17:04:31.324 [main] TRACE - Resolving type for handle ctworksheet530dtype
17:04:31.332 [main] TRACE - Resolving type for handle ctsheetdata8408type
17:04:31.335 [main] TRACE - Resolving type for handle ctrowdd39type
17:04:31.341 [main] TRACE - Resolving type for handle ctcell842btype
17:04:31.350 [main] TRACE - Resolving type for handle stcellrefe4e0type
17:04:31.370 [main] TRACE - Resolving type for handle ctcols627ctype
17:04:31.376 [main] TRACE - Resolving type for handle ctcola95ftype
17:04:31.412 [main] TRACE - Resolving type for handle stxstringf179type
17:04:31.414 [main] TRACE - Resolving type for handle stcelltypebf95type
17:04:43.718 [main] DEBUG - Parsing relationship: /xl/_rels/workbook.xml.rels
17:04:43.720 [main] DEBUG - Parsing relationship: /_rels/.rels
17:04:55.290 [main] DEBUG - Parsing relationship: /xl/_rels/workbook.xml.rels
17:04:55.293 [main] DEBUG - Parsing relationship: /_rels/.rels
17:05:05.957 [main] DEBUG - Parsing relationship: /xl/_rels/workbook.xml.rels
17:05:05.961 [main] DEBUG - Parsing relationship: /_rels/.rels
17:09:07.829 [main] DEBUG - Parsing relationship: /xl/_rels/workbook.xml.rels
17:09:07.836 [main] DEBUG - Parsing relationship: /xl/worksheets/_rels/sheet1.xml.rels
17:09:07.840 [main] DEBUG - Parsing relationship: /_rels/.rels
17:09:08.053 [main] TRACE - Loading type system org.apache.poi.schemas.ooxml.system.ooxml
17:09:08.057 [main] TRACE - Loading type system org.apache.xmlbeans.metadata.system.sXMLCONFIG
17:09:08.058 [main] TRACE - Loading type system org.apache.xmlbeans.metadata.system.sXMLLANG
17:09:08.059 [main] TRACE - Loading type system org.apache.xmlbeans.metadata.system.sXMLSCHEMA
17:09:08.060 [main] TRACE - Loading type system org.apache.xmlbeans.metadata.system.sXMLTOOLS
17:09:08.062 [main] TRACE - Reading unresolved handles for type system org.apache.xmlbeans.metadata.system.sXMLTOOLS
17:09:08.082 [main] TRACE - Finished loading type system org.apache.xmlbeans.metadata.system.sXMLTOOLS
17:09:08.084 [main] TRACE - Reading unresolved handles for type system org.apache.xmlbeans.metadata.system.sXMLSCHEMA
17:09:08.091 [main] TRACE - Finished loading type system org.apache.xmlbeans.metadata.system.sXMLSCHEMA
17:09:08.092 [main] TRACE - Reading unresolved handles for type system org.apache.xmlbeans.metadata.system.sXMLLANG
17:09:08.094 [main] TRACE - Finished loading type system org.apache.xmlbeans.metadata.system.sXMLLANG
17:09:08.095 [main] TRACE - Reading unresolved handles for type system org.apache.xmlbeans.metadata.system.sXMLCONFIG
17:09:08.097 [main] TRACE - Finished loading type system org.apache.xmlbeans.metadata.system.sXMLCONFIG
17:09:08.098 [main] TRACE - Reading unresolved handles for type system org.apache.poi.schemas.ooxml.system.ooxml
17:09:08.185 [main] TRACE - Finished loading type system org.apache.poi.schemas.ooxml.system.ooxml
17:09:08.186 [main] TRACE - Resolving type for handle themefd26doctype
17:09:08.263 [main] TRACE - Resolving type for handle stylesheet5d8bdoctype
17:09:08.272 [main] TRACE - Resolving type for handle ctstylesheet4257type
17:09:08.278 [main] TRACE - Resolving type for handle ctfonts6623type
17:09:08.282 [main] TRACE - Resolving type for handle ctfont14d8type
17:09:08.290 [main] TRACE - Resolving type for handle ctfills2c6ftype
17:09:08.293 [main] TRACE - Resolving type for handle ctfill550ctype
17:09:08.296 [main] TRACE - Resolving type for handle ctborders0d66type
17:09:08.299 [main] TRACE - Resolving type for handle ctborderf935type
17:09:08.305 [main] TRACE - Resolving type for handle ctcellxfs1322type
17:09:08.309 [main] TRACE - Resolving type for handle ctxf97f7type
17:09:08.313 [main] TRACE - Resolving type for handle ctcellstylexfsa81ftype
17:09:08.316 [main] TRACE - Resolving type for handle ctdxfsb26atype
17:09:08.319 [main] TRACE - Resolving type for handle cttablestyles872ftype
17:09:08.324 [main] TRACE - Resolving type for handle sstf81fdoctype
17:09:08.331 [main] TRACE - Resolving type for handle ctsst44f3type
17:09:08.342 [main] TRACE - Resolving type for handle ctrsta472type
17:09:08.367 [main] TRACE - Resolving type for handle workbookec17doctype
17:09:08.373 [main] TRACE - Resolving type for handle ctworkbook83c3type
17:09:08.380 [main] TRACE - Resolving type for handle ctsheets49fdtype
17:09:08.383 [main] TRACE - Resolving type for handle ctsheet4dbetype
17:09:08.385 [main] TRACE - Resolving type for handle strelationshipid1e94type
17:09:08.387 [main] TRACE - Resolving type for handle worksheetf539doctype
17:09:08.396 [main] TRACE - Resolving type for handle ctworksheet530dtype
17:09:08.403 [main] TRACE - Resolving type for handle ctsheetdata8408type
17:09:08.406 [main] TRACE - Resolving type for handle ctrowdd39type
17:09:08.412 [main] TRACE - Resolving type for handle ctcell842btype
17:09:08.419 [main] TRACE - Resolving type for handle stcellrefe4e0type
17:09:08.429 [main] TRACE - Resolving type for handle ctcols627ctype
17:09:08.434 [main] TRACE - Resolving type for handle ctcola95ftype
17:09:08.457 [main] TRACE - Resolving type for handle cthyperlinks6416type
17:09:08.579 [main] TRACE - Resolving type for handle cthyperlink0c85type
17:09:08.604 [main] TRACE - Resolving type for handle stxstringf179type
17:09:08.607 [main] TRACE - Resolving type for handle stcelltypebf95type
17:09:21.113 [main] DEBUG - Parsing relationship: /xl/_rels/workbook.xml.rels
17:09:21.115 [main] DEBUG - Parsing relationship: /_rels/.rels
17:09:33.752 [main] DEBUG - Parsing relationship: /xl/_rels/workbook.xml.rels
17:09:33.754 [main] DEBUG - Parsing relationship: /_rels/.rels
17:09:45.407 [main] DEBUG - Parsing relationship: /xl/_rels/workbook.xml.rels
17:09:45.409 [main] DEBUG - Parsing relationship: /_rels/.rels
